[2025-07-09T13:03:56.060Z] [32minfo[39m: [server] is live on: http://localhost:3030
[2025-07-09T14:45:50.674Z] [32minfo[39m: [server] is live on: http://localhost:3030
[2025-07-09T19:58:50.990Z] [32minfo[39m: [server] is live on: http://localhost:3030
[2025-07-09T20:14:02.613Z] [32minfo[39m: [server] is live on: http://localhost:3030
[2025-07-09T20:19:57.099Z] [32minfo[39m: [server] is live on: http://localhost:3030
[2025-07-09T20:50:20.891Z] [32minfo[39m: [server] is live on: http://localhost:3030
[2025-07-09T20:53:15.520Z] [32minfo[39m: [server] is live on: http://localhost:3030
[2025-07-09T20:53:30.130Z] [32minfo[39m: [server] is live on: http://localhost:3030
[2025-07-09T21:02:16.937Z] [32minfo[39m: [server] is live on: http://localhost:3030
[2025-07-09T21:06:58.348Z] [32minfo[39m: [server] is live on: http://localhost:3030
[2025-07-09T21:07:26.522Z] [32minfo[39m: [server] is live on: http://localhost:3030
[2025-07-09T21:07:42.015Z] [32minfo[39m: [server] is live on: http://localhost:3030
[2025-07-09T21:09:13.791Z] [32minfo[39m: [server] is live on: http://localhost:3030
[2025-07-09T21:10:16.254Z] [32minfo[39m: [server] is live on: http://localhost:3030
[2025-07-09T21:10:33.739Z] [32minfo[39m: [object Object]
[2025-07-09T21:12:17.513Z] [32minfo[39m: [server] is live on: http://localhost:3030
[2025-07-09T22:19:38.382Z] [32minfo[39m: [server] is live on: http://localhost:3030
[2025-07-09T22:30:15.430Z] [32minfo[39m: [server] is live on: http://localhost:3030
[2025-07-09T22:31:00.808Z] [32minfo[39m: [server] is live on: http://localhost:3030
[2025-07-09T22:49:41.049Z] [32minfo[39m: [server] is live on: http://localhost:3030
[2025-07-09T22:49:45.034Z] [32minfo[39m: [server] is live on: http://localhost:3030
[2025-07-09T22:50:40.325Z] [32minfo[39m: [server] is live on: http://localhost:3030
[2025-07-09T22:50:54.161Z] [32minfo[39m: [server] is live on: http://localhost:3030
[2025-07-09T22:52:13.534Z] [32minfo[39m: [server] is live on: http://localhost:3030
[2025-07-09T22:53:10.666Z] [32minfo[39m: [server] is live on: http://localhost:3030
[2025-07-09T22:54:43.630Z] [32minfo[39m: [server] is live on: http://localhost:3030
[2025-07-09T22:56:18.219Z] [32minfo[39m: [server] is live on: http://localhost:3030
[2025-07-09T22:57:01.105Z] [32minfo[39m: [server] is live on: http://localhost:3030
[2025-07-09T22:58:37.337Z] [32minfo[39m: [server] is live on: http://localhost:3030
[2025-07-09T22:58:46.903Z] [32minfo[39m: [server] is live on: http://localhost:3030
[2025-07-09T22:59:58.740Z] [32minfo[39m: [server] is live on: http://localhost:3030
[2025-07-09T23:02:21.943Z] [32minfo[39m: [server] is live on: http://localhost:3030
[2025-07-09T23:02:47.463Z] [32minfo[39m: [server] is live on: http://localhost:3030
[2025-07-09T23:02:50.390Z] [32minfo[39m: [server] is live on: http://localhost:3030
[2025-07-09T23:12:35.874Z] [32minfo[39m: [server] is live on: http://localhost:3030
[2025-07-09T23:13:37.946Z] [32minfo[39m: [server] is live on: http://localhost:3030
[2025-07-09T23:14:44.251Z] [32minfo[39m: [server] is live on: http://localhost:3030
[2025-07-09T23:15:07.718Z] [32minfo[39m: [server] is live on: http://localhost:3030
[2025-07-09T23:15:45.313Z] [32minfo[39m: [server] is live on: http://localhost:3030
[2025-07-09T23:17:14.088Z] [32minfo[39m: [server] is live on: http://localhost:3030
[2025-07-09T23:18:56.302Z] [32minfo[39m: undefined
[2025-07-09T23:18:56.360Z] [32minfo[39m: [server] is live on: http://localhost:3030
[2025-07-09T23:20:38.490Z] [32minfo[39m: undefined
[2025-07-09T23:20:38.546Z] [32minfo[39m: [server] is live on: http://localhost:3030
[2025-07-09T23:27:37.416Z] [32minfo[39m: mongodb+srv://ferdhwork:652148dev@prod-cluster.oz4gedb.mongodb.net/notes-app
[2025-07-09T23:27:37.527Z] [32minfo[39m: [server] is live on: http://localhost:3030
[2025-07-09T23:28:05.745Z] [32minfo[39m: [server] is live on: http://localhost:3030
[2025-07-09T23:28:34.356Z] [32minfo[39m: [server] is live on: http://localhost:3030
[2025-07-09T23:29:08.995Z] [32minfo[39m: [server] is live on: http://localhost:3030
[2025-07-09T23:29:15.580Z] [32minfo[39m: MongoDB connected
[2025-07-09T23:29:22.323Z] [32minfo[39m: [server] is live on: http://localhost:3030
[2025-07-09T23:29:32.666Z] [32minfo[39m: MongoDB connected
[2025-07-09T23:29:54.402Z] [32minfo[39m: [server] is live on: http://localhost:3030
[2025-07-09T23:30:00.530Z] [32minfo[39m: MongoDB connected
[2025-07-09T23:30:51.158Z] [32minfo[39m: [server] is live on: http://localhost:3030
[2025-07-10T01:16:54.821Z] [32minfo[39m: [server] is live on: http://localhost:3030
[2025-07-10T05:56:47.319Z] [32minfo[39m: [server] is live on: http://localhost:3030
[2025-07-10T05:56:51.243Z] [32minfo[39m: MongoDB connected
[2025-07-10T05:57:00.865Z] [31merror[39m: Sign user: Assignment to constant variable.
[2025-07-10T05:57:46.352Z] [32minfo[39m: [server] is live on: http://localhost:3030
[2025-07-10T05:57:49.477Z] [32minfo[39m: MongoDB connected
[2025-07-10T05:59:35.249Z] [32minfo[39m: [server] is live on: http://localhost:3030
[2025-07-10T05:59:50.149Z] [31merror[39m: User validation failed: email: Cannot create property 'lastIndex' on string '/^S+@S+.S+$/', password: Path `password` is required.
[2025-07-10T06:00:05.492Z] [31merror[39m: Could not connect to any servers in your MongoDB Atlas cluster. One common reason is that you're trying to access the database from an IP that isn't whitelisted. Make sure your current IP address is on your Atlas cluster's IP whitelist: https://www.mongodb.com/docs/atlas/security-whitelist/
[2025-07-10T06:02:37.847Z] [32minfo[39m: [server] is live on: http://localhost:3030
[2025-07-10T06:03:08.123Z] [31merror[39m: Could not connect to any servers in your MongoDB Atlas cluster. One common reason is that you're trying to access the database from an IP that isn't whitelisted. Make sure your current IP address is on your Atlas cluster's IP whitelist: https://www.mongodb.com/docs/atlas/security-whitelist/
[2025-07-10T06:04:07.718Z] [32minfo[39m: [server] is live on: http://localhost:3030
[2025-07-10T06:04:37.983Z] [31merror[39m: Could not connect to any servers in your MongoDB Atlas cluster. One common reason is that you're trying to access the database from an IP that isn't whitelisted. Make sure your current IP address is on your Atlas cluster's IP whitelist: https://www.mongodb.com/docs/atlas/security-whitelist/
[2025-07-10T06:04:59.886Z] [32minfo[39m: [server] is live on: http://localhost:3030
[2025-07-10T06:05:30.141Z] [31merror[39m: Could not connect to any servers in your MongoDB Atlas cluster. One common reason is that you're trying to access the database from an IP that isn't whitelisted. Make sure your current IP address is on your Atlas cluster's IP whitelist: https://www.mongodb.com/docs/atlas/security-whitelist/
[2025-07-10T06:05:37.201Z] [32minfo[39m: [server] is live on: http://localhost:3030
[2025-07-10T06:06:07.448Z] [31merror[39m: Could not connect to any servers in your MongoDB Atlas cluster. One common reason is that you're trying to access the database from an IP that isn't whitelisted. Make sure your current IP address is on your Atlas cluster's IP whitelist: https://www.mongodb.com/docs/atlas/security-whitelist/
[2025-07-10T06:06:16.134Z] [32minfo[39m: [server] is live on: http://localhost:3030
[2025-07-10T06:06:28.156Z] [32minfo[39m: MongoDB connected
[2025-07-10T06:06:45.617Z] [32minfo[39m: [server] is live on: http://localhost:3030
[2025-07-10T06:06:47.429Z] [31merror[39m: User validation failed: email: Cannot create property 'lastIndex' on string '/^S+@S+.S+$/', password: Path `password` is required.
[2025-07-10T06:06:47.429Z] [32minfo[39m: User validation failed: email: Cannot create property 'lastIndex' on string '/^S+@S+.S+$/', password: Path `password` is required.
[2025-07-10T06:06:47.958Z] [32minfo[39m: MongoDB connected
[2025-07-10T06:18:23.856Z] [32minfo[39m: [server] is live on: http://localhost:3030
[2025-07-10T06:18:25.843Z] [32minfo[39m: MongoDB connected
[2025-07-10T06:19:07.022Z] [32minfo[39m: [server] is live on: http://localhost:3030
[2025-07-10T06:19:08.877Z] [32minfo[39m: MongoDB connected
[2025-07-10T06:19:59.288Z] [32minfo[39m: [server] is live on: http://localhost:3030
[2025-07-10T06:20:01.220Z] [32minfo[39m: MongoDB connected
[2025-07-10T06:20:52.073Z] [32minfo[39m: [server] is live on: http://localhost:3030
[2025-07-10T06:20:53.888Z] [32minfo[39m: MongoDB connected
[2025-07-10T06:21:38.568Z] [32minfo[39m: [server] is live on: http://localhost:3030
[2025-07-10T06:21:40.426Z] [32minfo[39m: MongoDB connected
[2025-07-10T06:23:18.035Z] [32minfo[39m: [server] is live on: http://localhost:3030
[2025-07-10T06:23:21.584Z] [32minfo[39m: MongoDB connected
[2025-07-10T06:24:31.304Z] [32minfo[39m: [server] is live on: http://localhost:3030
[2025-07-10T06:24:33.658Z] [32minfo[39m: MongoDB connected
[2025-07-10T06:33:01.609Z] [32minfo[39m: [server] is live on: http://localhost:3030
[2025-07-10T06:33:03.732Z] [32minfo[39m: MongoDB connected
[2025-07-10T06:33:14.825Z] [32minfo[39m: [server] is live on: http://localhost:3030
[2025-07-10T06:33:16.756Z] [32minfo[39m: MongoDB connected
[2025-07-10T06:37:29.094Z] [32minfo[39m: [server] is live on: http://localhost:3030
[2025-07-10T06:41:06.130Z] [32minfo[39m: [server] is live on: http://localhost:3030
[2025-07-10T06:41:08.348Z] [32minfo[39m: MongoDB connected
[2025-07-10T06:45:45.168Z] [32minfo[39m: [server] is live on: http://localhost:3030
[2025-07-10T06:45:47.176Z] [32minfo[39m: MongoDB connected
[2025-07-10T23:50:13.760Z] [32minfo[39m: [server] is live on: http://localhost:3030
[2025-07-10T23:50:44.081Z] [31merror[39m: Mongoose connection error Could not connect to any servers in your MongoDB Atlas cluster. One common reason is that you're trying to access the database from an IP that isn't whitelisted. Make sure your current IP address is on your Atlas cluster's IP whitelist: https://www.mongodb.com/docs/atlas/security-whitelist/
[2025-07-10T23:52:49.894Z] [32minfo[39m: [server] is live on: http://localhost:3030
[2025-07-10T23:54:08.944Z] [31merror[39m: Mongoose connection error Could not connect to any servers in your MongoDB Atlas cluster. One common reason is that you're trying to access the database from an IP that isn't whitelisted. Make sure your current IP address is on your Atlas cluster's IP whitelist: https://www.mongodb.com/docs/atlas/security-whitelist/
[2025-07-11T00:01:23.256Z] [32minfo[39m: [server] is live on: http://localhost:3030
[2025-07-11T00:01:26.559Z] [32minfo[39m: MongoDB connected
[2025-07-11T00:04:48.006Z] [32minfo[39m: [server] is live on: http://localhost:3030
[2025-07-11T00:04:54.210Z] [32minfo[39m: MongoDB connected
[2025-07-11T03:29:59.126Z] [32minfo[39m: [server] is live on: http://localhost:3030
[2025-07-11T03:30:29.427Z] [31merror[39m: Mongoose connection error Could not connect to any servers in your MongoDB Atlas cluster. One common reason is that you're trying to access the database from an IP that isn't whitelisted. Make sure your current IP address is on your Atlas cluster's IP whitelist: https://www.mongodb.com/docs/atlas/security-whitelist/
[2025-07-11T03:31:49.651Z] [32minfo[39m: [server] is live on: http://localhost:3030
[2025-07-11T03:32:20.147Z] [31merror[39m: Mongoose connection error F8A49E0075000000:error:0A000438:SSL routines:ssl3_read_bytes:tlsv1 alert internal error:ssl/record/rec_layer_s3.c:908:SSL alert number 80

[2025-07-11T03:33:16.371Z] [32minfo[39m: [server] is live on: http://localhost:3030
[2025-07-11T03:33:31.554Z] [32minfo[39m: [server] is live on: http://localhost:3030
[2025-07-11T03:34:01.875Z] [31merror[39m: Mongoose connection error F84413C678000000:error:0A000438:SSL routines:ssl3_read_bytes:tlsv1 alert internal error:ssl/record/rec_layer_s3.c:908:SSL alert number 80

[2025-07-11T03:38:46.791Z] [32minfo[39m: [server] is live on: http://localhost:3030
[2025-07-11T03:39:17.277Z] [31merror[39m: Mongoose connection error F8C4D71B7B000000:error:0A000438:SSL routines:ssl3_read_bytes:tlsv1 alert internal error:ssl/record/rec_layer_s3.c:908:SSL alert number 80

[2025-07-11T03:40:45.963Z] [32minfo[39m: [server] is live on: http://localhost:3030
[2025-07-11T03:40:54.297Z] [32minfo[39m: MongoDB connected
[2025-07-11T03:43:52.792Z] [32minfo[39m: [server] is live on: http://localhost:3030
[2025-07-11T03:43:58.070Z] [32minfo[39m: MongoDB connected
[2025-07-11T03:48:43.473Z] [32minfo[39m: [server] is live on: http://localhost:3030
[2025-07-11T03:48:48.735Z] [32minfo[39m: MongoDB connected
[2025-07-11T03:50:38.001Z] [32minfo[39m: [server] is live on: http://localhost:3030
[2025-07-11T03:50:46.425Z] [32minfo[39m: MongoDB connected
[2025-07-11T03:54:11.771Z] [32minfo[39m: [server] is live on: http://localhost:3030
[2025-07-11T03:54:16.961Z] [32minfo[39m: MongoDB connected
[2025-07-11T03:54:23.987Z] [32minfo[39m: [server] is live on: http://localhost:3030
[2025-07-11T03:54:26.059Z] [32minfo[39m: MongoDB connected
[2025-07-11T03:55:38.904Z] [32minfo[39m: [server] is live on: http://localhost:3030
[2025-07-11T03:55:43.996Z] [32minfo[39m: MongoDB connected
[2025-07-11T03:56:57.684Z] [32minfo[39m: [server] is live on: http://localhost:3030
[2025-07-11T03:57:03.027Z] [32minfo[39m: MongoDB connected
[2025-07-11T03:59:09.355Z] [32minfo[39m: [server] is live on: http://localhost:3030
[2025-07-11T03:59:11.546Z] [32minfo[39m: MongoDB connected
[2025-07-11T04:01:49.850Z] [32minfo[39m: [server] is live on: http://localhost:3030
[2025-07-11T04:01:51.900Z] [32minfo[39m: MongoDB connected
[2025-07-11T04:02:57.524Z] [32minfo[39m: [server] is live on: http://localhost:3030
[2025-07-11T04:03:02.546Z] [32minfo[39m: MongoDB connected
[2025-07-11T04:04:42.651Z] [32minfo[39m: [server] is live on: http://localhost:3030
[2025-07-11T04:04:54.143Z] [32minfo[39m: MongoDB connected
[2025-07-11T04:08:11.438Z] [32minfo[39m: [server] is live on: http://localhost:3030
[2025-07-11T04:08:16.498Z] [32minfo[39m: MongoDB connected
[2025-07-11T06:13:47.691Z] [32minfo[39m: [server] is live on: http://localhost:3030
[2025-07-11T06:14:03.312Z] [32minfo[39m: MongoDB connected
[2025-07-11T06:15:50.051Z] [32minfo[39m: [server] is live on: http://localhost:3030
[2025-07-11T06:15:55.455Z] [32minfo[39m: MongoDB connected
[2025-07-11T06:18:52.347Z] [32minfo[39m: [server] is live on: http://localhost:3030
[2025-07-11T06:19:01.703Z] [32minfo[39m: MongoDB connected
[2025-07-11T06:23:05.584Z] [32minfo[39m: [server] is live on: http://localhost:3030
[2025-07-11T06:23:13.307Z] [32minfo[39m: MongoDB connected
[2025-07-11T06:24:15.366Z] [32minfo[39m: [server] is live on: http://localhost:3030
[2025-07-11T06:24:24.488Z] [32minfo[39m: MongoDB connected
[2025-07-11T06:25:03.702Z] [32minfo[39m: [server] is live on: http://localhost:3030
[2025-07-11T06:25:05.946Z] [32minfo[39m: MongoDB connected
[2025-07-11T06:26:22.672Z] [32minfo[39m: [server] is live on: http://localhost:3030
[2025-07-11T06:26:37.971Z] [32minfo[39m: MongoDB connected
[2025-07-11T06:26:44.848Z] [31merror[39m: validateRegUser is not defined
[2025-07-11T06:27:17.070Z] [32minfo[39m: [server] is live on: http://localhost:3030
[2025-07-11T06:27:21.754Z] [32minfo[39m: MongoDB connected
[2025-07-11T06:29:41.245Z] [32minfo[39m: [server] is live on: http://localhost:3030
[2025-07-11T06:29:50.327Z] [32minfo[39m: MongoDB connected
[2025-07-11T06:30:59.151Z] [32minfo[39m: [server] is live on: http://localhost:3030
[2025-07-11T06:31:07.392Z] [32minfo[39m: MongoDB connected
[2025-07-11T06:32:43.026Z] [32minfo[39m: [server] is live on: http://localhost:3030
[2025-07-11T06:32:49.431Z] [32minfo[39m: MongoDB connected
[2025-07-11T06:33:46.582Z] [32minfo[39m: [server] is live on: http://localhost:3030
[2025-07-11T06:33:50.261Z] [32minfo[39m: MongoDB connected
[2025-07-11T06:37:00.993Z] [32minfo[39m: [server] is live on: http://localhost:3030
[2025-07-11T06:37:07.943Z] [32minfo[39m: MongoDB connected
[2025-07-11T06:37:48.943Z] [32minfo[39m: [server] is live on: http://localhost:3030
[2025-07-11T06:37:52.214Z] [32minfo[39m: MongoDB connected
[2025-07-11T06:43:04.235Z] [32minfo[39m: [server] is live on: http://localhost:3030
[2025-07-11T06:43:09.156Z] [32minfo[39m: MongoDB connected
[2025-07-11T06:48:08.833Z] [32minfo[39m: [server] is live on: http://localhost:3030
[2025-07-11T06:48:22.069Z] [32minfo[39m: MongoDB connected
[2025-07-11T06:48:44.510Z] [31merror[39m: email is not defined
[2025-07-11T06:50:14.611Z] [32minfo[39m: [server] is live on: http://localhost:3030
[2025-07-11T06:50:25.565Z] [32minfo[39m: MongoDB connected
[2025-07-11T06:52:33.484Z] [32minfo[39m: [server] is live on: http://localhost:3030
[2025-07-11T06:52:42.359Z] [32minfo[39m: MongoDB connected
[2025-07-11T06:53:18.329Z] [32minfo[39m: [server] is live on: http://localhost:3030
[2025-07-11T06:53:20.590Z] [32minfo[39m: MongoDB connected
[2025-07-11T06:56:04.010Z] [32minfo[39m: [server] is live on: http://localhost:3030
[2025-07-11T06:56:11.590Z] [32minfo[39m: MongoDB connected
[2025-07-11T06:57:52.506Z] [32minfo[39m: [server] is live on: http://localhost:3030
[2025-07-11T06:57:57.806Z] [32minfo[39m: MongoDB connected
[2025-07-11T07:01:35.485Z] [32minfo[39m: [server] is live on: http://localhost:3030
[2025-07-11T07:01:40.710Z] [32minfo[39m: MongoDB connected
[2025-07-11T07:21:11.498Z] [32minfo[39m: [server] is live on: http://localhost:3030
[2025-07-11T07:21:18.338Z] [32minfo[39m: MongoDB connected
[2025-07-11T07:22:32.420Z] [32minfo[39m: [server] is live on: http://localhost:3030
[2025-07-11T07:22:37.322Z] [32minfo[39m: MongoDB connected
[2025-07-11T07:22:50.420Z] [32minfo[39m: [server] is live on: http://localhost:3030
[2025-07-11T07:22:52.699Z] [32minfo[39m: MongoDB connected
[2025-07-11T07:24:37.771Z] [32minfo[39m: [server] is live on: http://localhost:3030
[2025-07-11T07:24:44.690Z] [32minfo[39m: MongoDB connected
[2025-07-11T07:24:50.996Z] [32minfo[39m: [server] is live on: http://localhost:3030
[2025-07-11T07:24:53.166Z] [32minfo[39m: MongoDB connected
[2025-07-11T07:25:36.352Z] [32minfo[39m: [server] is live on: http://localhost:3030
[2025-07-11T07:25:38.460Z] [32minfo[39m: MongoDB connected
[2025-07-11T07:26:57.980Z] [32minfo[39m: [server] is live on: http://localhost:3030
[2025-07-11T07:27:08.152Z] [32minfo[39m: MongoDB connected
[2025-07-11T07:27:18.052Z] [32minfo[39m: [server] is live on: http://localhost:3030
[2025-07-11T07:27:20.251Z] [32minfo[39m: MongoDB connected
[2025-07-11T07:28:31.313Z] [32minfo[39m: [server] is live on: http://localhost:3030
[2025-07-11T07:28:37.284Z] [32minfo[39m: MongoDB connected
[2025-07-11T07:36:46.044Z] [32minfo[39m: [server] is live on: http://localhost:3030
[2025-07-11T07:37:03.746Z] [32minfo[39m: MongoDB connected
[2025-07-11T07:38:25.992Z] [32minfo[39m: [server] is live on: http://localhost:3030
[2025-07-11T07:38:34.017Z] [32minfo[39m: MongoDB connected
[2025-07-11T07:39:59.199Z] [32minfo[39m: [server] is live on: http://localhost:3030
[2025-07-11T07:40:03.651Z] [32minfo[39m: MongoDB connected
[2025-07-11T07:42:17.577Z] [32minfo[39m: [server] is live on: http://localhost:3030
[2025-07-11T07:42:21.207Z] [31merror[39m: CastError: Cast to string failed for value "Promise {
  {
    errors: {
      password: 'Password is too short, it should contain a minimum of 6 characters',
      phone: 'Invalid Phone number'
    },
    clean: {
      fullname: '',
      email: '@',
      phone: '',
      age: '',
      gender: '',
      password: ''
    },
    isValid: false
  }
}" (type Promise) at path "email" for model "User"
[2025-07-11T07:42:23.610Z] [32minfo[39m: MongoDB connected
[2025-07-11T07:43:13.968Z] [31merror[39m: CastError: Cast to string failed for value "Promise {
  {
    errors: {
      password: 'Password is too short, it should contain a minimum of 6 characters',
      phone: 'Invalid Phone number'
    },
    clean: {
      fullname: '',
      email: '@',
      phone: '',
      age: '',
      gender: '',
      password: ''
    },
    isValid: false
  }
}" (type Promise) at path "email" for model "User"
[2025-07-11T07:43:56.263Z] [32minfo[39m: [server] is live on: http://localhost:3030
[2025-07-11T07:44:01.330Z] [32minfo[39m: MongoDB connected
[2025-07-11T07:44:05.678Z] [31merror[39m: CastError: Cast to string failed for value "Promise {
  {
    errors: {
      password: 'Password is too short, it should contain a minimum of 6 characters',
      phone: 'Invalid Phone number'
    },
    clean: {
      fullname: '',
      email: '@',
      phone: '',
      age: '',
      gender: '',
      password: ''
    },
    isValid: false
  }
}" (type Promise) at path "email" for model "User"
[2025-07-11T07:48:58.544Z] [32minfo[39m: [server] is live on: http://localhost:3030
[2025-07-11T07:49:07.756Z] [32minfo[39m: MongoDB connected
[2025-07-11T07:49:51.259Z] [31merror[39m: TypeError: User.natchPassword is not a function
[2025-07-11T07:50:24.045Z] [32minfo[39m: [server] is live on: http://localhost:3030
[2025-07-11T07:50:35.014Z] [32minfo[39m: MongoDB connected
[2025-07-11T07:50:45.075Z] [32minfo[39m: [server] is live on: http://localhost:3030
[2025-07-11T07:50:47.400Z] [32minfo[39m: MongoDB connected
[2025-07-11T07:50:48.724Z] [31merror[39m: TypeError: User.matchPassword is not a function
[2025-07-11T07:56:02.829Z] [32minfo[39m: [server] is live on: http://localhost:3030
[2025-07-11T07:56:10.608Z] [32minfo[39m: MongoDB connected
[2025-07-11T07:56:19.922Z] [31merror[39m: TypeError: user.matchPassword is not a function
[2025-07-11T08:20:39.099Z] [32minfo[39m: [server] is live on: http://localhost:3030
[2025-07-11T08:20:45.705Z] [32minfo[39m: MongoDB connected
[2025-07-11T08:20:52.119Z] [31merror[39m: TypeError: user.matchPassword is not a function
[2025-07-11T08:26:48.225Z] [32minfo[39m: [server] is live on: http://localhost:3030
[2025-07-11T08:26:55.088Z] [32minfo[39m: MongoDB connected
[2025-07-11T08:29:15.108Z] [32minfo[39m: [server] is live on: http://localhost:3030
[2025-07-11T08:29:26.516Z] [32minfo[39m: MongoDB connected
[2025-07-11T08:30:22.752Z] [32minfo[39m: [server] is live on: http://localhost:3030
[2025-07-11T08:30:28.140Z] [32minfo[39m: MongoDB connected
[2025-07-11T08:30:34.265Z] [31merror[39m: password error
[2025-07-11T08:32:47.588Z] [31merror[39m: password is not defined
[2025-07-11T09:15:10.932Z] [32minfo[39m: [server] is live on: http://localhost:3030
[2025-07-11T09:15:16.846Z] [32minfo[39m: MongoDB connected
[2025-07-11T09:15:29.911Z] [31merror[39m: password is not defined
[2025-07-11T09:16:34.198Z] [32minfo[39m: [server] is live on: http://localhost:3030
[2025-07-11T09:16:38.263Z] [32minfo[39m: MongoDB connected
[2025-07-11T09:18:13.512Z] [32minfo[39m: [server] is live on: http://localhost:3030
[2025-07-11T09:18:20.785Z] [32minfo[39m: MongoDB connected
[2025-07-11T09:18:31.041Z] [32minfo[39m: Password:
[2025-07-11T09:18:31.042Z] [32minfo[39m: Password:
[2025-07-11T09:18:31.351Z] [31merror[39m: password is not defined
[2025-07-11T09:19:38.990Z] [32minfo[39m: [server] is live on: http://localhost:3030
[2025-07-11T09:19:46.630Z] [32minfo[39m: MongoDB connected
[2025-07-11T09:19:52.885Z] [32minfo[39m: Password:
[2025-07-11T09:19:52.887Z] [32minfo[39m: Password:
[2025-07-11T09:19:52.888Z] [32minfo[39m: Password:
[2025-07-11T09:19:53.165Z] [31merror[39m: password is not defined
[2025-07-11T09:21:01.211Z] [32minfo[39m: [server] is live on: http://localhost:3030
[2025-07-11T09:21:16.805Z] [32minfo[39m: MongoDB connected
[2025-07-11T09:21:42.475Z] [32minfo[39m: Password:
[2025-07-11T09:21:42.476Z] [32minfo[39m: Password:
[2025-07-11T09:21:42.477Z] [32minfo[39m: Password:
[2025-07-11T09:21:42.763Z] [31merror[39m: password is not defined
[2025-07-11T09:23:48.007Z] [32minfo[39m: [server] is live on: http://localhost:3030
[2025-07-11T09:24:04.788Z] [32minfo[39m: MongoDB connected
[2025-07-11T09:25:05.134Z] [32minfo[39m: [server] is live on: http://localhost:3030
[2025-07-11T09:25:16.770Z] [32minfo[39m: MongoDB connected
[2025-07-11T09:25:34.614Z] [32minfo[39m: req.body Password:
[2025-07-11T09:25:34.616Z] [32minfo[39m: clean Password:
[2025-07-11T09:25:34.617Z] [32minfo[39m: req.body:
[2025-07-11T09:25:34.881Z] [31merror[39m: password is not defined
[2025-07-11T09:27:27.096Z] [32minfo[39m: [server] is live on: http://localhost:3030
[2025-07-11T09:27:41.151Z] [32minfo[39m: MongoDB connected
[2025-07-11T09:27:55.929Z] [31merror[39m: password is not defined
[2025-07-11T09:28:56.011Z] [32minfo[39m: [server] is live on: http://localhost:3030
[2025-07-11T09:29:04.883Z] [32minfo[39m: MongoDB connected
[2025-07-11T09:33:05.144Z] [32minfo[39m: [server] is live on: http://localhost:3030
[2025-07-11T09:33:15.948Z] [32minfo[39m: [server] is live on: http://localhost:3030
[2025-07-11T09:33:18.424Z] [32minfo[39m: MongoDB connected
[2025-07-11T09:37:17.102Z] [32minfo[39m: [server] is live on: http://localhost:3030
[2025-07-11T09:37:27.892Z] [32minfo[39m: MongoDB connected
[2025-07-11T09:38:06.360Z] [32minfo[39m: [server] is live on: http://localhost:3030
[2025-07-11T09:38:08.846Z] [32minfo[39m: MongoDB connected
[2025-07-11T09:39:14.998Z] [32minfo[39m: [server] is live on: http://localhost:3030
[2025-07-11T09:39:21.278Z] [32minfo[39m: MongoDB connected
[2025-07-11T09:41:08.575Z] [31merror[39m: TypeError: user.matchPassword is not a function
[2025-07-11T09:43:39.979Z] [32minfo[39m: [server] is live on: http://localhost:3030
[2025-07-11T09:43:42.402Z] [32minfo[39m: MongoDB connected
[2025-07-11T09:44:32.938Z] [32minfo[39m: [server] is live on: http://localhost:3030
[2025-07-11T09:44:41.107Z] [32minfo[39m: MongoDB connected
[2025-07-11T09:44:43.040Z] [31merror[39m: TypeError: user.matchPassword is not a function
[2025-07-11T09:45:34.266Z] [32minfo[39m: [server] is live on: http://localhost:3030
[2025-07-11T09:45:36.625Z] [32minfo[39m: MongoDB connected
[2025-07-11T09:46:02.724Z] [31merror[39m: TypeError: user.matchPassword is not a function
[2025-07-11T09:58:52.465Z] [32minfo[39m: [server] is live on: http://localhost:3030
[2025-07-11T09:58:58.968Z] [32minfo[39m: MongoDB connected
[2025-07-11T09:59:31.516Z] [32minfo[39m: [server] is live on: http://localhost:3030
[2025-07-11T09:59:33.779Z] [32minfo[39m: MongoDB connected
[2025-07-11T10:01:15.754Z] [32minfo[39m: [server] is live on: http://localhost:3030
[2025-07-11T10:01:23.397Z] [32minfo[39m: MongoDB connected
[2025-07-11T10:01:50.183Z] [32minfo[39m: [server] is live on: http://localhost:3030
[2025-07-11T10:01:52.561Z] [32minfo[39m: MongoDB connected
[2025-07-11T10:06:14.404Z] [32minfo[39m: [server] is live on: http://localhost:3030
[2025-07-11T10:06:17.255Z] [32minfo[39m: MongoDB connected
[2025-07-11T10:12:45.915Z] [32minfo[39m: [server] is live on: http://localhost:3030
[2025-07-11T10:12:52.118Z] [32minfo[39m: MongoDB connected
